<?xml version="1.0" encoding="UTF-8"?>
<!-- Generated by org.testng.reporters.JUnitReportReporter -->
<testsuite skipped="0" hostname="DESKTOP-3RDL7KS" name="com.jobget.testcases.SignUpPageTest" tests="1" failures="0" timestamp="2022-01-16T18:35:31 IST" time="47.150" errors="0">
  <testcase name="testSignUpButtonDisabled" time="47.150" classname="com.jobget.testcases.SignUpPageTest"/>
  <system-out/>
</testsuite> <!-- com.jobget.testcases.SignUpPageTest -->
