<?xml version="1.0" encoding="UTF-8"?>
<!-- Generated by org.testng.reporters.JUnitReportReporter -->
<testsuite skipped="0" hostname="LAPTOP-QTT2AQ1K" name="com.jobget.testcases.LoginPageTest" tests="14" failures="0" timestamp="2022-01-19T03:26:39 IST" time="571.204" errors="0">
  <testcase name="testElementsPresentOnPage" time="31.876" classname="com.jobget.testcases.LoginPageTest"/>
  <system-out/>
  <testcase name="testValidLogin" time="40.953" classname="com.jobget.testcases.LoginPageTest"/>
  <system-out/>
  <testcase name="testNotRegisteredEmailUsedForlogin" time="36.252" classname="com.jobget.testcases.LoginPageTest"/>
  <system-out/>
  <testcase name="testSignUpRedirection" time="31.509" classname="com.jobget.testcases.LoginPageTest"/>
  <system-out/>
  <testcase name="testLoginUpButtonEnabled" time="34.252" classname="com.jobget.testcases.LoginPageTest"/>
  <system-out/>
  <testcase name="testEmptyUserNameValidiation" time="34.765" classname="com.jobget.testcases.LoginPageTest"/>
  <system-out/>
  <testcase name="testEmptyPasswordValidiation" time="34.815" classname="com.jobget.testcases.LoginPageTest"/>
  <system-out/>
  <testcase name="testInvalidEmailAddressValidation" time="36.208" classname="com.jobget.testcases.LoginPageTest"/>
  <system-out/>
  <testcase name="testInvalidPasswordValidation" time="34.114" classname="com.jobget.testcases.LoginPageTest"/>
  <system-out/>
  <testcase name="testLoginButtonDisabled" time="33.057" classname="com.jobget.testcases.LoginPageTest"/>
  <system-out/>
  <testcase name="testForgotPasswordRedirection" time="37.176" classname="com.jobget.testcases.LoginPageTest"/>
  <system-out/>
  <testcase name="testForgotPassword" time="59.696" classname="com.jobget.testcases.LoginPageTest"/>
  <system-out/>
  <testcase name="testPasswordResetResendCodeEditAction" time="65.345" classname="com.jobget.testcases.LoginPageTest"/>
  <system-out/>
  <testcase name="testPasswordResetResendCodeYesAction" time="61.186" classname="com.jobget.testcases.LoginPageTest"/>
  <system-out/>
</testsuite> <!-- com.jobget.testcases.LoginPageTest -->
