<?xml version="1.0" encoding="UTF-8"?>
<!-- Generated by org.testng.reporters.JUnitReportReporter -->
<testsuite skipped="0" hostname="LAPTOP-QTT2AQ1K" name="com.jobget.testcases.LaunchPageTest" tests="3" failures="0" timestamp="2022-01-19T00:48:51 IST" time="56.236" errors="0">
  <testcase name="logoDisplayedTest" time="24.195" classname="com.jobget.testcases.LaunchPageTest"/>
  <system-out/>
  <testcase name="signUpButtonDisplayedTest" time="17.569" classname="com.jobget.testcases.LaunchPageTest"/>
  <system-out/>
  <testcase name="loginButtonDisplayedTest" time="14.472" classname="com.jobget.testcases.LaunchPageTest"/>
  <system-out/>
</testsuite> <!-- com.jobget.testcases.LaunchPageTest -->
