<?xml version="1.0" encoding="UTF-8"?>
<!-- Generated by org.testng.reporters.JUnitReportReporter -->
<testsuite skipped="0" hostname="LAPTOP-QTT2AQ1K" name="com.jobget.testcases.SignUpPageTest" tests="1" failures="0" timestamp="2022-01-17T18:55:09 IST" time="76.511" errors="0">
  <testcase name="testTermsPageRedirectiron" time="76.511" classname="com.jobget.testcases.SignUpPageTest"/>
  <system-out/>
</testsuite> <!-- com.jobget.testcases.SignUpPageTest -->
