<?xml version="1.0" encoding="UTF-8"?>
<!-- Generated by org.testng.reporters.JUnitReportReporter -->
<testsuite skipped="0" hostname="LAPTOP-QTT2AQ1K" name="com.jobget.testcases.LoginPageTest" tests="1" failures="0" timestamp="2022-01-23T23:44:39 IST" time="29.647" errors="0">
  <testcase name="testValidLogin" time="29.647" classname="com.jobget.testcases.LoginPageTest"/>
  <system-out/>
</testsuite> <!-- com.jobget.testcases.LoginPageTest -->
