<?xml version="1.0" encoding="UTF-8"?>
<!-- Generated by org.testng.reporters.JUnitReportReporter -->
<testsuite skipped="0" hostname="LAPTOP-QTT2AQ1K" name="com.jobget.testcases.loginPageTest" tests="1" failures="0" timestamp="2022-01-17T14:44:53 IST" time="42.849" errors="0">
  <testcase name="testValidLogin" time="42.849" classname="com.jobget.testcases.loginPageTest"/>
  <system-out/>
</testsuite> <!-- com.jobget.testcases.loginPageTest -->
