<?xml version="1.0" encoding="UTF-8"?>
<!-- Generated by org.testng.reporters.JUnitReportReporter -->
<testsuite skipped="0" hostname="LAPTOP-QTT2AQ1K" name="com.jobget.testcases.LogOutPageTest" tests="2" failures="0" timestamp="2022-01-19T03:26:39 IST" time="116.550" errors="0">
  <testcase name="testLogoutConfirmationTrue" time="55.900" classname="com.jobget.testcases.LogOutPageTest"/>
  <system-out/>
  <testcase name="testLogoutConfirmationFalse" time="60.650" classname="com.jobget.testcases.LogOutPageTest"/>
  <system-out/>
</testsuite> <!-- com.jobget.testcases.LogOutPageTest -->
