<?xml version="1.0" encoding="UTF-8"?>
<!-- Generated by org.testng.reporters.JUnitReportReporter -->
<testsuite skipped="0" hostname="LAPTOP-QTT2AQ1K" name="com.jobget.testcases.LaunchPageTest" tests="1" failures="0" timestamp="2022-01-18T16:11:23 IST" time="20.293" errors="0">
  <testcase name="logoDisplayedTest" time="20.293" classname="com.jobget.testcases.LaunchPageTest"/>
  <system-out/>
</testsuite> <!-- com.jobget.testcases.LaunchPageTest -->
