<?xml version="1.0" encoding="UTF-8"?>
<!-- Generated by org.testng.reporters.JUnitReportReporter -->
<testsuite skipped="0" hostname="LAPTOP-QTT2AQ1K" name="com.jobget.testcases.LaunchPageTest" tests="3" failures="0" timestamp="2022-01-19T03:26:39 IST" time="55.949" errors="0">
  <testcase name="logoDisplayedTest" time="16.633" classname="com.jobget.testcases.LaunchPageTest"/>
  <system-out/>
  <testcase name="signUpButtonDisplayedTest" time="19.633" classname="com.jobget.testcases.LaunchPageTest"/>
  <system-out/>
  <testcase name="loginButtonDisplayedTest" time="19.683" classname="com.jobget.testcases.LaunchPageTest"/>
  <system-out/>
</testsuite> <!-- com.jobget.testcases.LaunchPageTest -->
