<?xml version="1.0" encoding="UTF-8"?>
<!-- Generated by org.testng.reporters.JUnitReportReporter -->
<testsuite skipped="0" hostname="LAPTOP-QTT2AQ1K" name="com.jobget.testcases.SignUpPageTest" tests="1" failures="0" timestamp="2022-01-19T03:36:40 IST" time="52.762" errors="0">
  <testcase name="testValidEmployerSignUp" time="52.762" classname="com.jobget.testcases.SignUpPageTest"/>
  <system-out/>
</testsuite> <!-- com.jobget.testcases.SignUpPageTest -->
