<?xml version="1.0" encoding="UTF-8"?>
<!-- Generated by org.testng.reporters.JUnitReportReporter -->
<testsuite skipped="0" hostname="DESKTOP-3RDL7KS" name="com.jobget.testcases.LaunchPageTest" tests="1" failures="0" timestamp="2022-01-16T13:41:56 IST" time="12.000" errors="0">
  <testcase name="logoDisplayedTest" time="12.000" classname="com.jobget.testcases.LaunchPageTest"/>
  <system-out/>
</testsuite> <!-- com.jobget.testcases.LaunchPageTest -->
